#
# There is insufficient memory for the Java Runtime Environment to continue.
# Native memory allocation (malloc) failed to allocate 1048576 bytes for AllocateHeap
# Possible reasons:
#   The system is out of physical RAM or swap space
#   In 32 bit mode, the process size limit was hit
# Possible solutions:
#   Reduce memory load on the system
#   Increase physical memory or swap space
#   Check if swap backing store is full
#   Use 64 bit Java on a 64 bit OS
#   Decrease Java heap size (-Xmx/-Xms)
#   Decrease number of Java threads
#   Decrease Java thread stack sizes (-Xss)
#   Set larger code cache with -XX:ReservedCodeCacheSize=
# This output file may be truncated or incomplete.
#
#  Out of Memory Error (memory/allocation.inline.hpp:61), pid=7280, tid=3500
#
# JRE version:  (8.0_51-b16) (build )
# Java VM: Java HotSpot(TM) 64-Bit Server VM (25.51-b03 mixed mode windows-amd64 compressed oops)
# Failed to write core dump. Minidumps are not enabled by default on client versions of Windows
#

---------------  T H R E A D  ---------------

Current thread (0x0000000002af1000):  JavaThread "Unknown thread" [_thread_in_vm, id=3500, stack(0x00000000029f0000,0x0000000002af0000)]

Stack: [0x00000000029f0000,0x0000000002af0000]
Native frames: (J=compiled Java code, j=interpreted, Vv=VM code, C=native code)
V  [jvm.dll+0x32b4ca]
V  [jvm.dll+0x2797e3]
V  [jvm.dll+0x27a479]
V  [jvm.dll+0x271765]
V  [jvm.dll+0x1606]
V  [jvm.dll+0x3c0822]
V  [jvm.dll+0x3eead2]
V  [jvm.dll+0x3ef09c]
V  [jvm.dll+0x3ea537]
V  [jvm.dll+0xf2c22]
V  [jvm.dll+0x20f0a9]
V  [jvm.dll+0x240d2a]
V  [jvm.dll+0x15b9a1]
C  [jli.dll+0x4616]
C  [jli.dll+0xc807]
C  [jli.dll+0xc89b]
C  [KERNEL32.DLL+0x12d92]
C  [ntdll.dll+0x9f64]


---------------  P R O C E S S  ---------------

Java Threads: ( => current thread )

Other Threads:

=>0x0000000002af1000 (exited) JavaThread "Unknown thread" [_thread_in_vm, id=3500, stack(0x00000000029f0000,0x0000000002af0000)]

VM state:not at safepoint (normal execution)

VM Mutex/Monitor currently owned by a thread: None

Heap:
 PSYoungGen      total 2048K, used 30K [0x00000000eb180000, 0x00000000eb400000, 0x0000000100000000)
  eden space 1536K, 2% used [0x00000000eb180000,0x00000000eb187af0,0x00000000eb300000)
  from space 512K, 0% used [0x00000000eb380000,0x00000000eb380000,0x00000000eb400000)
  to   space 512K, 0% used [0x00000000eb300000,0x00000000eb300000,0x00000000eb380000)
 ParOldGen       total 5632K, used 0K [0x00000000c1400000, 0x00000000c1980000, 0x00000000eb180000)
  object space 5632K, 0% used [0x00000000c1400000,0x00000000c1400000,0x00000000c1980000)
 Metaspace       used 766K, capacity 4480K, committed 4480K, reserved 1056768K
  class space    used 75K, capacity 384K, committed 384K, reserved 1048576K

Card table byte_map: [0x0000000011fb0000,0x00000000121b0000] byte_map_base: 0x00000000119a6000

Marking Bits: (ParMarkBitMap*) 0x0000000059cf4040
 Begin Bits: [0x0000000012700000, 0x00000000136b0000)
 End Bits:   [0x00000000136b0000, 0x0000000014660000)

Polling page: 0x00000000010f0000

CodeCache: size=245760Kb used=328Kb max_used=328Kb free=245431Kb
 bounds [0x0000000002bf0000, 0x0000000002e60000, 0x0000000011bf0000]
 total_blobs=57 nmethods=0 adapters=37
 compilation: enabled

Compilation events (0 events):
No events

GC Heap History (0 events):
No events

Deoptimization events (0 events):
No events

Internal exceptions (0 events):
No events

Events (10 events):
Event: 0.144 loading class java/lang/Short
Event: 0.145 loading class java/lang/Short done
Event: 0.145 loading class java/lang/Integer
Event: 0.146 loading class java/lang/Integer done
Event: 0.146 loading class java/lang/Long
Event: 0.162 loading class java/lang/Long done
Event: 0.164 loading class java/lang/NullPointerException
Event: 0.165 loading class java/lang/NullPointerException done
Event: 0.165 loading class java/lang/ArithmeticException
Event: 0.165 loading class java/lang/ArithmeticException done


Dynamic libraries:
0x00007ff77e5d0000 - 0x00007ff77e5d7000 	C:\Program Files\Java\jdk1.8.0_51\bin\javac.exe
0x00007ffd9c480000 - 0x00007ffd9c641000 	C:\Windows\SYSTEM32\ntdll.dll
0x00007ffd99c20000 - 0x00007ffd99ccd000 	C:\Windows\system32\KERNEL32.DLL
0x00007ffd98fa0000 - 0x00007ffd9917d000 	C:\Windows\system32\KERNELBASE.dll
0x000000005a750000 - 0x000000005a77f000 	C:\Program Files\Java\jdk1.8.0_51\bin\jli.dll
0x000000005a530000 - 0x000000005a602000 	C:\Program Files\Java\jdk1.8.0_51\bin\MSVCR100.dll
0x00007ffd9a740000 - 0x00007ffd9a7e6000 	C:\Windows\system32\ADVAPI32.dll
0x00007ffd9a540000 - 0x00007ffd9a5dd000 	C:\Windows\system32\msvcrt.dll
0x00007ffd99cd0000 - 0x00007ffd99d2b000 	C:\Windows\system32\sechost.dll
0x00007ffd9c0a0000 - 0x00007ffd9c1c6000 	C:\Windows\system32\RPCRT4.dll
0x00007ffd9bea0000 - 0x00007ffd9bfee000 	C:\Windows\system32\USER32.dll
0x00007ffd9c230000 - 0x00007ffd9c3b6000 	C:\Windows\system32\GDI32.dll
0x00007ffd8ab20000 - 0x00007ffd8ad94000 	C:\Windows\WinSxS\amd64_microsoft.windows.common-controls_6595b64144ccf1df_6.0.10240.16384_none_f41f7b285750ef43\COMCTL32.dll
0x00007ffd9c060000 - 0x00007ffd9c096000 	C:\Windows\system32\IMM32.DLL
0x00007ffd9a810000 - 0x00007ffd9a96c000 	C:\Windows\system32\MSCTF.dll
0x000000005a610000 - 0x000000005a6e2000 	C:\Program Files\Java\jdk1.8.0_51\jre\bin\msvcr100.dll
0x00000000594f0000 - 0x0000000059d73000 	C:\Program Files\Java\jdk1.8.0_51\jre\bin\server\jvm.dll
0x00007ffd9a5e0000 - 0x00007ffd9a5e8000 	C:\Windows\system32\PSAPI.DLL
0x00007ffd97530000 - 0x00007ffd97539000 	C:\Windows\SYSTEM32\WSOCK32.dll
0x00007ffd975d0000 - 0x00007ffd975f3000 	C:\Windows\SYSTEM32\WINMM.dll
0x00007ffd90be0000 - 0x00007ffd90bea000 	C:\Windows\SYSTEM32\VERSION.dll
0x00007ffd9bff0000 - 0x00007ffd9c059000 	C:\Windows\system32\WS2_32.dll
0x00007ffd99bb0000 - 0x00007ffd99bb8000 	C:\Windows\system32\NSI.dll
0x00007ffd97590000 - 0x00007ffd975bc000 	C:\Windows\SYSTEM32\WINMMBASE.dll
0x00007ffd98f50000 - 0x00007ffd98f94000 	C:\Windows\system32\cfgmgr32.dll
0x00007ffd97820000 - 0x00007ffd97847000 	C:\Windows\SYSTEM32\DEVOBJ.dll
0x00000000594d0000 - 0x00000000594df000 	C:\Program Files\Java\jdk1.8.0_51\jre\bin\verify.dll
0x000000005a7a0000 - 0x000000005a7c9000 	C:\Program Files\Java\jdk1.8.0_51\jre\bin\java.dll
0x000000005a780000 - 0x000000005a796000 	C:\Program Files\Java\jdk1.8.0_51\jre\bin\zip.dll
0x00007ffd7da70000 - 0x00007ffd7dbfa000 	C:\Windows\SYSTEM32\dbghelp.dll

VM Arguments:
jvm_args: -Dapplication.home=C:\Program Files\Java\jdk1.8.0_51 -Xms8m 
java_command: com.sun.tools.javac.Main -version
java_class_path (initial): C:\Program Files\Java\jdk1.8.0_51/lib/tools.jar;C:\Program Files\Java\jdk1.8.0_51/classes
Launcher Type: SUN_STANDARD

Environment Variables:
JAVA_HOME=C:\Program Files\Java\jdk1.8.0_51
PATH=C:\ProgramData\Oracle\Java\javapath;C:\Windows\system32;C:\Windows;C:\Windows\System32\Wbem;C:\Windows\System32\WindowsPowerShell\v1.0\;C:\Program Files\nodejs\;C:\Program Files (x86)\Git\cmd;C:\Users\sanjose\AppData\Local\Android\android-sdk\platform-tools;C:\Users\sanjose\AppData\Local\Android\android-sdk\tools;C:\Program Files (x86)\Windows Live\Shared;C:\Users\sanjose\AppData\Roaming\npm;C:\Program Files (x86)\WinAnt\bin;C:\Program Files\Java\jdk1.8.0_51\bin
USERNAME=sanjose
OS=Windows_NT
PROCESSOR_IDENTIFIER=Intel64 Family 6 Model 42 Stepping 7, GenuineIntel



---------------  S Y S T E M  ---------------

OS: Windows 10.0 , 64 bit Build 10240 (10.0.10240.16384)

CPU:total 4 (2 cores per cpu, 2 threads per core) family 6 model 42 stepping 7, cmov, cx8, fxsr, mmx, sse, sse2, sse3, ssse3, sse4.1, sse4.2, popcnt, avx, aes, clmul, ht, tsc, tscinvbit

Memory: 4k page, physical 4104824k(417396k free), swap 16687736k(4508k free)

vm_info: Java HotSpot(TM) 64-Bit Server VM (25.51-b03) for windows-amd64 JRE (1.8.0_51-b16), built on Jun  8 2015 18:03:07 by "java_re" with MS VC++ 10.0 (VS2010)

time: Fri Sep 11 10:57:47 2015
elapsed time: 0 seconds (0d 0h 0m 0s)

