#
# There is insufficient memory for the Java Runtime Environment to continue.
# Native memory allocation (malloc) failed to allocate 1048576 bytes for AllocateHeap
# Possible reasons:
#   The system is out of physical RAM or swap space
#   In 32 bit mode, the process size limit was hit
# Possible solutions:
#   Reduce memory load on the system
#   Increase physical memory or swap space
#   Check if swap backing store is full
#   Use 64 bit Java on a 64 bit OS
#   Decrease Java heap size (-Xmx/-Xms)
#   Decrease number of Java threads
#   Decrease Java thread stack sizes (-Xss)
#   Set larger code cache with -XX:ReservedCodeCacheSize=
# This output file may be truncated or incomplete.
#
#  Out of Memory Error (memory/allocation.inline.hpp:61), pid=5392, tid=2180
#
# JRE version:  (8.0_60-b27) (build )
# Java VM: Java HotSpot(TM) 64-Bit Server VM (25.60-b23 mixed mode windows-amd64 compressed oops)
# Failed to write core dump. Minidumps are not enabled by default on client versions of Windows
#

---------------  T H R E A D  ---------------

Current thread (0x00000000025be800):  JavaThread "Unknown thread" [_thread_in_vm, id=2180, stack(0x00000000025c0000,0x00000000026c0000)]

Stack: [0x00000000025c0000,0x00000000026c0000]
[error occurred during error reporting (printing stack bounds), id 0xc0000005]

Native frames: (J=compiled Java code, j=interpreted, Vv=VM code, C=native code)


---------------  P R O C E S S  ---------------

Java Threads: ( => current thread )

Other Threads:

=>0x00000000025be800 (exited) JavaThread "Unknown thread" [_thread_in_vm, id=2180, stack(0x00000000025c0000,0x00000000026c0000)]

VM state:not at safepoint (normal execution)

VM Mutex/Monitor currently owned by a thread: None

Heap:
 PSYoungGen      total 18944K, used 327K [0x00000000eb180000, 0x00000000ec680000, 0x0000000100000000)
  eden space 16384K, 2% used [0x00000000eb180000,0x00000000eb1d1ec8,0x00000000ec180000)
  from space 2560K, 0% used [0x00000000ec400000,0x00000000ec400000,0x00000000ec680000)
  to   space 2560K, 0% used [0x00000000ec180000,0x00000000ec180000,0x00000000ec400000)
 ParOldGen       total 44032K, used 0K [0x00000000c1400000, 0x00000000c3f00000, 0x00000000eb180000)
  object space 44032K, 0% used [0x00000000c1400000,0x00000000c1400000,0x00000000c3f00000)
 Metaspace       used 743K, capacity 4480K, committed 4480K, reserved 1056768K
  class space    used 75K, capacity 384K, committed 384K, reserved 1048576K

Card table byte_map: [0x0000000011b80000,0x0000000011d80000] byte_map_base: 0x0000000011576000

Marking Bits: (ParMarkBitMap*) 0x000000005a66a5b0
 Begin Bits: [0x00000000122d0000, 0x0000000013280000)
 End Bits:   [0x0000000013280000, 0x0000000014230000)

Polling page: 0x0000000000960000

CodeCache: size=245760Kb used=328Kb max_used=328Kb free=245431Kb
 bounds [0x00000000027c0000, 0x0000000002a30000, 0x00000000117c0000]
 total_blobs=57 nmethods=0 adapters=37
 compilation: enabled

Compilation events (0 events):
No events

GC Heap History (0 events):
No events

Deoptimization events (0 events):
No events

Internal exceptions (0 events):
No events

Events (10 events):
Event: 2.500 loading class java/lang/Short
Event: 2.500 loading class java/lang/Short done
Event: 2.500 loading class java/lang/Integer
Event: 2.502 loading class java/lang/Integer done
Event: 2.502 loading class java/lang/Long
Event: 2.503 loading class java/lang/Long done
Event: 2.559 loading class java/lang/NullPointerException
Event: 2.559 loading class java/lang/NullPointerException done
Event: 2.559 loading class java/lang/ArithmeticException
Event: 2.559 loading class java/lang/ArithmeticException done


Dynamic libraries:
0x00007ff7b4070000 - 0x00007ff7b40a7000 	C:\ProgramData\Oracle\Java\javapath\java.exe
0x00007ffd9c480000 - 0x00007ffd9c641000 	C:\Windows\SYSTEM32\ntdll.dll
0x00007ffd99c20000 - 0x00007ffd99ccd000 	C:\Windows\system32\KERNEL32.DLL
0x00007ffd98fa0000 - 0x00007ffd9917d000 	C:\Windows\system32\KERNELBASE.dll
0x00007ffd9a740000 - 0x00007ffd9a7e6000 	C:\Windows\system32\ADVAPI32.dll
0x00007ffd9a540000 - 0x00007ffd9a5dd000 	C:\Windows\system32\msvcrt.dll
0x00007ffd99cd0000 - 0x00007ffd99d2b000 	C:\Windows\system32\sechost.dll
0x00007ffd9c0a0000 - 0x00007ffd9c1c6000 	C:\Windows\system32\RPCRT4.dll
0x00007ffd9bea0000 - 0x00007ffd9bfee000 	C:\Windows\system32\USER32.dll
0x00007ffd9c230000 - 0x00007ffd9c3b6000 	C:\Windows\system32\GDI32.dll
0x00007ffd8ab20000 - 0x00007ffd8ad94000 	C:\Windows\WinSxS\amd64_microsoft.windows.common-controls_6595b64144ccf1df_6.0.10240.16384_none_f41f7b285750ef43\COMCTL32.dll
0x00007ffd9c060000 - 0x00007ffd9c096000 	C:\Windows\system32\IMM32.DLL
0x00007ffd9a810000 - 0x00007ffd9a96c000 	C:\Windows\system32\MSCTF.dll
0x000000005a6f0000 - 0x000000005a7c2000 	C:\Program Files\Java\jre1.8.0_60\bin\msvcr100.dll
0x0000000059e60000 - 0x000000005a6e9000 	C:\Program Files\Java\jre1.8.0_60\bin\server\jvm.dll
0x00007ffd9a5e0000 - 0x00007ffd9a5e8000 	C:\Windows\system32\PSAPI.DLL
0x00007ffd975d0000 - 0x00007ffd975f3000 	C:\Windows\SYSTEM32\WINMM.dll
0x00007ffd96ee0000 - 0x00007ffd96ee9000 	C:\Windows\SYSTEM32\WSOCK32.dll
0x00007ffd90be0000 - 0x00007ffd90bea000 	C:\Windows\SYSTEM32\VERSION.dll
0x00007ffd97590000 - 0x00007ffd975bc000 	C:\Windows\SYSTEM32\WINMMBASE.dll
0x00007ffd98f50000 - 0x00007ffd98f94000 	C:\Windows\system32\cfgmgr32.dll
0x00007ffd97820000 - 0x00007ffd97847000 	C:\Windows\SYSTEM32\DEVOBJ.dll
0x00007ffd9bff0000 - 0x00007ffd9c059000 	C:\Windows\system32\WS2_32.dll
0x00007ffd99bb0000 - 0x00007ffd99bb8000 	C:\Windows\system32\NSI.dll
0x0000000059d70000 - 0x0000000059d7f000 	C:\Program Files\Java\jre1.8.0_60\bin\verify.dll
0x0000000059d40000 - 0x0000000059d69000 	C:\Program Files\Java\jre1.8.0_60\bin\java.dll
0x0000000059490000 - 0x00000000594a6000 	C:\Program Files\Java\jre1.8.0_60\bin\zip.dll

VM Arguments:
java_command: <unknown>
java_class_path (initial): .
Launcher Type: SUN_STANDARD

Environment Variables:
JAVA_HOME=C:\Program Files\Java\jdk1.8.0_51
PATH=C:\ProgramData\Oracle\Java\javapath;C:\Windows\system32;C:\Windows;C:\Windows\System32\Wbem;C:\Windows\System32\WindowsPowerShell\v1.0\;C:\Program Files\nodejs\;C:\Program Files (x86)\Git\cmd;C:\Users\sanjose\AppData\Local\Android\android-sdk\platform-tools;C:\Users\sanjose\AppData\Local\Android\android-sdk\tools;C:\Program Files (x86)\Windows Live\Shared;C:\Users\sanjose\AppData\Roaming\npm;C:\Program Files (x86)\WinAnt\bin;C:\Program Files\Java\jdk1.8.0_51\bin
USERNAME=sanjose
OS=Windows_NT
PROCESSOR_IDENTIFIER=Intel64 Family 6 Model 42 Stepping 7, GenuineIntel



---------------  S Y S T E M  ---------------

OS: Windows 10.0 , 64 bit Build 10240 (10.0.10240.16384)

CPU:total 4 (2 cores per cpu, 2 threads per core) family 6 model 42 stepping 7, cmov, cx8, fxsr, mmx, sse, sse2, sse3, ssse3, sse4.1, sse4.2, popcnt, avx, aes, clmul, ht, tsc, tscinvbit

Memory: 4k page, physical 4104824k(433564k free), swap 16687736k(5416k free)

vm_info: Java HotSpot(TM) 64-Bit Server VM (25.60-b23) for windows-amd64 JRE (1.8.0_60-b27), built on Aug  4 2015 11:06:27 by "java_re" with MS VC++ 10.0 (VS2010)

time: Fri Sep 11 10:59:07 2015
elapsed time: 2 seconds (0d 0h 0m 2s)

